<?xml version="1.0" encoding="UTF-8"?>
<!-- Generated by org.testng.reporters.JUnitReportReporter -->
<testsuite hostname="LAPTOP-410RS6MU" failures="0" tests="2" name="Framework.test.textBoxs_test" time="3.358" errors="0" timestamp="2024-03-20T08:04:20 IST" skipped="0">
  <testcase classname="Framework.test.textBoxs_test" name="textboxs_test_third" time="2.910"/>
  <testcase classname="Framework.test.textBoxs_test" name="textboxs_test_fourth" time="0.448"/>
</testsuite> <!-- Framework.test.textBoxs_test -->
