<?xml version="1.0" encoding="UTF-8"?>
<!-- Generated by org.testng.reporters.JUnitReportReporter -->
<testsuite hostname="LAPTOP-410RS6MU" failures="0" tests="2" name="Framework.test.up_and_down_test" time="3.702" errors="0" timestamp="2024-03-27T07:29:17 IST" skipped="0">
  <testcase classname="Framework.test.up_and_down_test" name="up_and_down_test_third" time="3.624"/>
  <testcase classname="Framework.test.up_and_down_test" name="up_and_down_test_fourth" time="0.078"/>
</testsuite> <!-- Framework.test.up_and_down_test -->
