<?xml version="1.0" encoding="UTF-8"?>
<!-- Generated by org.testng.reporters.JUnitReportReporter -->
<testsuite hostname="LAPTOP-410RS6MU" failures="0" tests="4" name="Framework.test.radio_butt_test" time="14.225" errors="0" timestamp="2024-03-24T09:02:46 IST" skipped="0">
  <testcase classname="Framework.test.radio_butt_test" name="radio_butt_test_third" time="12.036"/>
  <testcase classname="Framework.test.radio_butt_test" name="radio_butt_test_fourth" time="0.064"/>
  <testcase classname="Framework.test.radio_butt_test" name="radio_butt_test_fifth" time="2.091"/>
  <testcase classname="Framework.test.radio_butt_test" name="radio_butt_test_six" time="0.034"/>
</testsuite> <!-- Framework.test.radio_butt_test -->
