<?xml version="1.0" encoding="UTF-8"?>
<!-- Generated by org.testng.reporters.JUnitReportReporter -->
<testsuite hostname="LAPTOP-410RS6MU" failures="0" tests="4" name="Framework.test.radio_butt_test" time="6.616" errors="0" timestamp="2024-03-17T10:56:11 IST" skipped="0">
  <testcase classname="Framework.test.radio_butt_test" name="radio_butt_test_third" time="4.419"/>
  <testcase classname="Framework.test.radio_butt_test" name="radio_butt_test_fourth" time="0.062"/>
  <testcase classname="Framework.test.radio_butt_test" name="radio_butt_test_fifth" time="2.102"/>
  <testcase classname="Framework.test.radio_butt_test" name="radio_butt_test_six" time="0.033"/>
</testsuite> <!-- Framework.test.radio_butt_test -->
