<?xml version="1.0" encoding="UTF-8"?>
<!-- Generated by org.testng.reporters.JUnitReportReporter -->
<testsuite hostname="LAPTOP-410RS6MU" failures="0" tests="1" name="Framework.test.checkBoxs_test" time="4.497" errors="0" timestamp="2024-03-27T07:29:17 IST" skipped="0">
  <testcase classname="Framework.test.checkBoxs_test" name="checkbox_test_third" time="4.497"/>
</testsuite> <!-- Framework.test.checkBoxs_test -->
