<?xml version="1.0" encoding="UTF-8"?>
<!-- Generated by org.testng.reporters.JUnitReportReporter -->
<testsuite hostname="LAPTOP-410RS6MU" failures="0" tests="2" name="Framework.test.textBoxs_test" time="2.228" errors="0" timestamp="2024-03-27T07:29:17 IST" skipped="0">
  <testcase classname="Framework.test.textBoxs_test" name="textboxs_test_third" time="2.022"/>
  <testcase classname="Framework.test.textBoxs_test" name="textboxs_test_fourth" time="0.206"/>
</testsuite> <!-- Framework.test.textBoxs_test -->
