<?xml version="1.0" encoding="UTF-8"?>
<!-- Generated by org.testng.reporters.JUnitReportReporter -->
<testsuite hostname="LAPTOP-410RS6MU" failures="0" tests="1" name="Framework.test.textbox_test" time="3.231" errors="0" timestamp="2024-02-24T17:51:49 IST" skipped="0">
  <testcase classname="Framework.test.textbox_test" name="textbox_test_third" time="3.231"/>
</testsuite> <!-- Framework.test.textbox_test -->
