<?xml version="1.0" encoding="UTF-8"?>
<!-- Generated by org.testng.reporters.JUnitReportReporter -->
<testsuite hostname="LAPTOP-410RS6MU" failures="0" tests="2" name="Framework.test.textBoxs_test" time="1.117" errors="0" timestamp="2024-03-17T10:50:43 IST" skipped="0">
  <testcase classname="Framework.test.textBoxs_test" name="textboxs_test_third" time="0.952"/>
  <testcase classname="Framework.test.textBoxs_test" name="textboxs_test_fourth" time="0.165"/>
</testsuite> <!-- Framework.test.textBoxs_test -->
