<?xml version="1.0" encoding="UTF-8"?>
<!-- Generated by org.testng.reporters.JUnitReportReporter -->
<testsuite hostname="LAPTOP-410RS6MU" failures="0" tests="4" name="Framework.test.radio_butt_test" time="7.656" errors="0" timestamp="2024-03-27T07:29:17 IST" skipped="0">
  <testcase classname="Framework.test.radio_butt_test" name="radio_butt_test_third" time="4.889"/>
  <testcase classname="Framework.test.radio_butt_test" name="radio_butt_test_fourth" time="0.174"/>
  <testcase classname="Framework.test.radio_butt_test" name="radio_butt_test_fifth" time="2.444"/>
  <testcase classname="Framework.test.radio_butt_test" name="radio_butt_test_six" time="0.149"/>
</testsuite> <!-- Framework.test.radio_butt_test -->
