<?xml version="1.0" encoding="UTF-8"?>
<!-- Generated by org.testng.reporters.JUnitReportReporter -->
<testsuite hostname="LAPTOP-410RS6MU" failures="0" tests="1" name="Framework.test.practice_form_test" time="10.943" errors="0" timestamp="2024-03-12T07:34:17 IST" skipped="0">
  <testcase classname="Framework.test.practice_form_test" name="practice_form_test_third" time="10.943"/>
</testsuite> <!-- Framework.test.practice_form_test -->
