<?xml version="1.0" encoding="UTF-8"?>
<!-- Generated by org.testng.reporters.JUnitReportReporter -->
<testsuite hostname="LAPTOP-410RS6MU" failures="0" tests="3" name="Framework.test.butt_test" time="4.984" errors="0" timestamp="2024-03-27T07:29:17 IST" skipped="0">
  <testcase classname="Framework.test.butt_test" name="butt_test_third" time="3.447"/>
  <testcase classname="Framework.test.butt_test" name="butt_test_fourth" time="0.093"/>
  <testcase classname="Framework.test.butt_test" name="butt_test_fifth" time="1.444"/>
</testsuite> <!-- Framework.test.butt_test -->
